0 info it worked if it ends with ok
1 verbose cli [ '/opt/local/bin/node',
1 verbose cli   '/opt/local/bin/npm',
1 verbose cli   'run',
1 verbose cli   'coveralls' ]
2 info using npm@1.3.25
3 info using node@v0.10.25
4 verbose run-script [ 'precoveralls', 'coveralls', 'postcoveralls' ]
5 info precoveralls gulp-cdnizer@0.1.0
6 info coveralls gulp-cdnizer@0.1.0
7 verbose unsafe-perm in lifecycle true
8 info gulp-cdnizer@0.1.0 Failed to exec coveralls script
9 error gulp-cdnizer@0.1.0 coveralls: `istanbul cover ./node_modules/mocha/bin/_mocha --report lcovonly -- -R spec && cat ./coverage/lcov.info | ./node_modules/coveralls/bin/coveralls.js && rm -rf ./coverage`
9 error Exit status 8
10 error Failed at the gulp-cdnizer@0.1.0 coveralls script.
10 error This is most likely a problem with the gulp-cdnizer package,
10 error not with npm itself.
10 error Tell the author that this fails on your system:
10 error     istanbul cover ./node_modules/mocha/bin/_mocha --report lcovonly -- -R spec && cat ./coverage/lcov.info | ./node_modules/coveralls/bin/coveralls.js && rm -rf ./coverage
10 error You can get their info via:
10 error     npm owner ls gulp-cdnizer
10 error There is likely additional logging output above.
11 error System Darwin 13.0.0
12 error command "/opt/local/bin/node" "/opt/local/bin/npm" "run" "coveralls"
13 error cwd /Users/phil/Documents/Projects/Programming/gulp-cdnizer
14 error node -v v0.10.25
15 error npm -v 1.3.25
16 error code ELIFECYCLE
17 verbose exit [ 1, true ]
